app/build/intermediates/manifest_merge_blame_file/debug/manifest-merger-blame-debug-report.txt
1<?xml version="1.0" encoding="utf-8"?>
2<manifest xmlns:android="http://schemas.android.com/apk/res/android"
3    package="com.example.maphistory"
4    android:versionCode="1"
5    android:versionName="1.0" >
6
7    <uses-sdk
8        android:minSdkVersion="21"
8-->src\main\AndroidManifest.xml
9        android:targetSdkVersion="32" />
9-->src\main\AndroidManifest.xml
10
11    <uses-permission android:name="android.permission.ACCESS_COARSE_LOCATION" />
11-->src\main\AndroidManifest.xml:6:5-81
11-->src\main\AndroidManifest.xml:6:22-78
12    <uses-permission android:name="android.permission.ACCESS_FINE_LOCATION" />
12-->src\main\AndroidManifest.xml:7:5-9:31
12-->src\main\AndroidManifest.xml:8:9-63
13    <uses-permission android:name="android.permission.ACCESS_FINE_LOCATION" />
13-->src\main\AndroidManifest.xml:7:5-9:31
13-->src\main\AndroidManifest.xml:8:9-63
14    <uses-permission android:name="android.permission.ACCESS_WIFI_STATE" />
14-->[com.google.android.libraries.places:places:2.6.0] AndroidManifest.xml:10:5-76
14-->[com.google.android.libraries.places:places:2.6.0] AndroidManifest.xml:10:22-73
15    <uses-permission android:name="android.permission.INTERNET" /> <!-- Include required permissions for Google Maps API to run. -->
15-->[com.google.android.libraries.places:places:2.6.0] AndroidManifest.xml:11:5-67
15-->[com.google.android.libraries.places:places:2.6.0] AndroidManifest.xml:11:22-64
16    <uses-permission android:name="android.permission.ACCESS_NETWORK_STATE" />
16-->[com.google.android.gms:play-services-maps:18.0.2] AndroidManifest.xml:23:5-79
16-->[com.google.android.gms:play-services-maps:18.0.2] AndroidManifest.xml:23:22-76
17
18    <uses-feature
18-->[com.google.android.gms:play-services-maps:18.0.2] AndroidManifest.xml:26:5-28:35
19        android:glEsVersion="0x00020000"
19-->[com.google.android.gms:play-services-maps:18.0.2] AndroidManifest.xml:27:9-41
20        android:required="true" />
20-->[com.google.android.gms:play-services-maps:18.0.2] AndroidManifest.xml:28:9-32
21
22    <queries>
22-->[com.google.android.gms:play-services-maps:18.0.2] AndroidManifest.xml:30:5-34:15
23
24        <!-- Needs to be explicitly declared on Android R+ -->
25        <package android:name="com.google.android.apps.maps" />
25-->[com.google.android.gms:play-services-maps:18.0.2] AndroidManifest.xml:33:9-64
25-->[com.google.android.gms:play-services-maps:18.0.2] AndroidManifest.xml:33:18-61
26    </queries>
27
28    <application
28-->src\main\AndroidManifest.xml:13:5-43:19
29        android:allowBackup="true"
29-->src\main\AndroidManifest.xml:14:9-35
30        android:appComponentFactory="androidx.core.app.CoreComponentFactory"
30-->[androidx.core:core:1.7.0] AndroidManifest.xml:24:18-86
31        android:dataExtractionRules="@xml/data_extraction_rules"
31-->src\main\AndroidManifest.xml:15:9-65
32        android:debuggable="true"
33        android:fullBackupContent="@xml/backup_rules"
33-->src\main\AndroidManifest.xml:16:9-54
34        android:icon="@mipmap/ic_launcher"
34-->src\main\AndroidManifest.xml:17:9-43
35        android:label="@string/app_name"
35-->src\main\AndroidManifest.xml:18:9-41
36        android:roundIcon="@mipmap/ic_launcher_round"
36-->src\main\AndroidManifest.xml:19:9-54
37        android:supportsRtl="true"
37-->src\main\AndroidManifest.xml:20:9-35
38        android:testOnly="true"
39        android:theme="@style/Theme.MapHistory" >
39-->src\main\AndroidManifest.xml:21:9-48
40        <activity
40-->src\main\AndroidManifest.xml:23:9-25:40
41            android:name="com.example.maphistory.NewAndListActivity"
41-->src\main\AndroidManifest.xml:24:13-47
42            android:exported="false" />
42-->src\main\AndroidManifest.xml:25:13-37
43
44        <meta-data
45            android:name="com.google.android.geo.API_KEY"
45-->src\main\AndroidManifest.xml:28:13-58
46            android:value="AIzaSyCrPIy2zb3bdpHLWW-TibslDNA2DZaBdBY" />
46-->src\main\AndroidManifest.xml:29:13-44
47
48        <activity
48-->src\main\AndroidManifest.xml:31:9-39:20
49            android:name="com.example.maphistory.MainActivity"
49-->src\main\AndroidManifest.xml:32:13-41
50            android:exported="true" >
50-->src\main\AndroidManifest.xml:33:13-36
51            <intent-filter>
51-->src\main\AndroidManifest.xml:34:13-38:29
52                <action android:name="android.intent.action.MAIN" />
52-->src\main\AndroidManifest.xml:35:17-69
52-->src\main\AndroidManifest.xml:35:25-66
53
54                <category android:name="android.intent.category.LAUNCHER" />
54-->src\main\AndroidManifest.xml:37:17-77
54-->src\main\AndroidManifest.xml:37:27-74
55            </intent-filter>
56        </activity>
57        <activity android:name="com.example.maphistory.NewHistoryActivity" />
57-->src\main\AndroidManifest.xml:40:9-56
57-->src\main\AndroidManifest.xml:40:19-53
58        <activity android:name="com.example.maphistory.HistoryListActivity" />
58-->src\main\AndroidManifest.xml:41:9-57
58-->src\main\AndroidManifest.xml:41:19-54
59        <activity android:name="com.example.maphistory.MapHistoryActivity" />
59-->src\main\AndroidManifest.xml:42:9-56
59-->src\main\AndroidManifest.xml:42:19-53
60        <activity
60-->[com.google.android.libraries.places:places:2.6.0] AndroidManifest.xml:14:9-20:20
61            android:name="com.google.android.libraries.places.widget.AutocompleteActivity"
61-->[com.google.android.libraries.places:places:2.6.0] AndroidManifest.xml:15:13-91
62            android:exported="false"
62-->[com.google.android.libraries.places:places:2.6.0] AndroidManifest.xml:16:13-37
63            android:label="@string/places_autocomplete_label"
63-->[com.google.android.libraries.places:places:2.6.0] AndroidManifest.xml:17:13-62
64            android:theme="@style/PlacesAutocompleteOverlay"
64-->[com.google.android.libraries.places:places:2.6.0] AndroidManifest.xml:18:13-61
65            android:windowSoftInputMode="adjustResize" >
65-->[com.google.android.libraries.places:places:2.6.0] AndroidManifest.xml:19:13-55
66        </activity> <!-- Needs to be explicitly declared on P+ -->
67        <uses-library
67-->[com.google.android.gms:play-services-maps:18.0.2] AndroidManifest.xml:39:9-41:40
68            android:name="org.apache.http.legacy"
68-->[com.google.android.gms:play-services-maps:18.0.2] AndroidManifest.xml:40:13-50
69            android:required="false" />
69-->[com.google.android.gms:play-services-maps:18.0.2] AndroidManifest.xml:41:13-37
70
71        <activity
71-->[com.google.android.gms:play-services-base:18.0.1] AndroidManifest.xml:20:9-22:45
72            android:name="com.google.android.gms.common.api.GoogleApiActivity"
72-->[com.google.android.gms:play-services-base:18.0.1] AndroidManifest.xml:20:19-85
73            android:exported="false"
73-->[com.google.android.gms:play-services-base:18.0.1] AndroidManifest.xml:22:19-43
74            android:theme="@android:style/Theme.Translucent.NoTitleBar" />
74-->[com.google.android.gms:play-services-base:18.0.1] AndroidManifest.xml:21:19-78
75
76        <meta-data
76-->[com.google.android.gms:play-services-basement:18.0.0] AndroidManifest.xml:21:9-23:69
77            android:name="com.google.android.gms.version"
77-->[com.google.android.gms:play-services-basement:18.0.0] AndroidManifest.xml:22:13-58
78            android:value="@integer/google_play_services_version" />
78-->[com.google.android.gms:play-services-basement:18.0.0] AndroidManifest.xml:23:13-66
79
80        <provider
80-->[androidx.emoji2:emoji2:1.0.0] AndroidManifest.xml:26:9-34:20
81            android:name="androidx.startup.InitializationProvider"
81-->[androidx.emoji2:emoji2:1.0.0] AndroidManifest.xml:27:13-67
82            android:authorities="com.example.maphistory.androidx-startup"
82-->[androidx.emoji2:emoji2:1.0.0] AndroidManifest.xml:28:13-68
83            android:exported="false" >
83-->[androidx.emoji2:emoji2:1.0.0] AndroidManifest.xml:29:13-37
84            <meta-data
84-->[androidx.emoji2:emoji2:1.0.0] AndroidManifest.xml:31:13-33:52
85                android:name="androidx.emoji2.text.EmojiCompatInitializer"
85-->[androidx.emoji2:emoji2:1.0.0] AndroidManifest.xml:32:17-75
86                android:value="androidx.startup" />
86-->[androidx.emoji2:emoji2:1.0.0] AndroidManifest.xml:33:17-49
87            <meta-data
87-->[androidx.lifecycle:lifecycle-process:2.4.0] AndroidManifest.xml:31:13-33:52
88                android:name="androidx.lifecycle.ProcessLifecycleInitializer"
88-->[androidx.lifecycle:lifecycle-process:2.4.0] AndroidManifest.xml:32:17-78
89                android:value="androidx.startup" />
89-->[androidx.lifecycle:lifecycle-process:2.4.0] AndroidManifest.xml:33:17-49
90        </provider>
91
92        <service
92-->[com.google.android.datatransport:transport-backend-cct:2.3.0] AndroidManifest.xml:29:9-35:19
93            android:name="com.google.android.datatransport.runtime.backends.TransportBackendDiscovery"
93-->[com.google.android.datatransport:transport-backend-cct:2.3.0] AndroidManifest.xml:30:13-103
94            android:exported="false" >
94-->[com.google.android.datatransport:transport-backend-cct:2.3.0] AndroidManifest.xml:31:13-37
95            <meta-data
95-->[com.google.android.datatransport:transport-backend-cct:2.3.0] AndroidManifest.xml:32:13-34:39
96                android:name="backend:com.google.android.datatransport.cct.CctBackendFactory"
96-->[com.google.android.datatransport:transport-backend-cct:2.3.0] AndroidManifest.xml:33:17-94
97                android:value="cct" />
97-->[com.google.android.datatransport:transport-backend-cct:2.3.0] AndroidManifest.xml:34:17-36
98        </service>
99        <service
99-->[com.google.android.datatransport:transport-runtime:2.2.3] AndroidManifest.xml:26:9-30:19
100            android:name="com.google.android.datatransport.runtime.scheduling.jobscheduling.JobInfoSchedulerService"
100-->[com.google.android.datatransport:transport-runtime:2.2.3] AndroidManifest.xml:27:13-117
101            android:exported="false"
101-->[com.google.android.datatransport:transport-runtime:2.2.3] AndroidManifest.xml:28:13-37
102            android:permission="android.permission.BIND_JOB_SERVICE" >
102-->[com.google.android.datatransport:transport-runtime:2.2.3] AndroidManifest.xml:29:13-69
103        </service>
104
105        <receiver
105-->[com.google.android.datatransport:transport-runtime:2.2.3] AndroidManifest.xml:32:9-34:40
106            android:name="com.google.android.datatransport.runtime.scheduling.jobscheduling.AlarmManagerSchedulerBroadcastReceiver"
106-->[com.google.android.datatransport:transport-runtime:2.2.3] AndroidManifest.xml:33:13-132
107            android:exported="false" />
107-->[com.google.android.datatransport:transport-runtime:2.2.3] AndroidManifest.xml:34:13-37
108    </application>
109
110</manifest>